<?xml version="1.0" encoding="utf-8"?><testsuites name="pytest tests"><testsuite name="pytest" errors="0" failures="0" skipped="0" tests="31" time="3.992" timestamp="2026-05-30T22:54:25.031705+00:00" hostname="agent-env-ff315808-b376-413f-ae2c-6043b61fe34a"><testcase classname="backend.tests.backend_test.TestAuth" name="test_login_invalid" time="0.227" /><testcase classname="backend.tests.backend_test.TestAuth" name="test_me_owner" time="0.348" /><testcase classname="backend.tests.backend_test.TestAuth" name="test_me_super" time="0.361" /><testcase classname="backend.tests.backend_test.TestAuth" name="test_me_no_token" time="0.052" /><testcase classname="backend.tests.backend_test.TestAuth" name="test_register_new_restaurant" time="0.349" /><testcase classname="backend.tests.backend_test.TestPublic" name="test_get_menu" time="0.060" /><testcase classname="backend.tests.backend_test.TestPublic" name="test_menu_not_found" time="0.055" /><testcase classname="backend.tests.backend_test.TestPublic" name="test_validate_coupon_valid" time="0.060" /><testcase classname="backend.tests.backend_test.TestPublic" name="test_validate_coupon_invalid" time="0.054" /><testcase classname="backend.tests.backend_test.TestPublic" name="test_validate_coupon_min_order" time="0.060" /><testcase classname="backend.tests.backend_test.TestPublic" name="test_create_review" time="0.073" /><testcase classname="backend.tests.backend_test.TestPublic" name="test_create_review_invalid_rating" time="0.052" /><testcase classname="backend.tests.backend_test.TestPublicOrder" name="test_order_created" time="0.172" /><testcase classname="backend.tests.backend_test.TestPublicOrder" name="test_order_min_order" time="0.108" /><testcase classname="backend.tests.backend_test.TestAdmin" name="test_get_restaurant" time="0.055" /><testcase classname="backend.tests.backend_test.TestAdmin" name="test_toggle_open_twice" time="0.111" /><testcase classname="backend.tests.backend_test.TestAdmin" name="test_update_restaurant" time="0.057" /><testcase classname="backend.tests.backend_test.TestAdmin" name="test_categories_crud" time="0.221" /><testcase classname="backend.tests.backend_test.TestAdmin" name="test_products_crud_with_options" time="0.225" /><testcase classname="backend.tests.backend_test.TestAdmin" name="test_coupons_crud" time="0.111" /><testcase classname="backend.tests.backend_test.TestAdmin" name="test_banners_crud" time="0.110" /><testcase classname="backend.tests.backend_test.TestAdmin" name="test_dashboard" time="0.073" /><testcase classname="backend.tests.backend_test.TestAdmin" name="test_reports" time="0.056" /><testcase classname="backend.tests.backend_test.TestAdmin" name="test_orders_list_and_update_status" time="0.167" /><testcase classname="backend.tests.backend_test.TestIsolation" name="test_super_blocked_from_admin" time="0.058" /><testcase classname="backend.tests.backend_test.TestIsolation" name="test_owner_blocked_from_super" time="0.056" /><testcase classname="backend.tests.backend_test.TestIsolation" name="test_no_auth_admin" time="0.052" /><testcase classname="backend.tests.backend_test.TestSuperAdmin" name="test_list_restaurants" time="0.053" /><testcase classname="backend.tests.backend_test.TestSuperAdmin" name="test_metrics" time="0.058" /><testcase classname="backend.tests.backend_test.TestSuperAdmin" name="test_users_list" time="0.054" /><testcase classname="backend.tests.backend_test.TestSuperAdmin" name="test_create_and_update_restaurant" time="0.333" /></testsuite></testsuites>